<?xml version="1.0" encoding="UTF-8"?>
<!-- Generated by org.testng.reporters.JUnitReportReporter -->
<testsuite hostname="INLN50942907A" name="VanillaMaskerTest" tests="2" failures="0" timestamp="19 Mar 2018 02:26:20 GMT" time="13.561" errors="0">
  <testcase name="Test" time="6.111" classname="VanillaMaskerTest"/>
  <testcase name="Test" time="7.450" classname="VanillaMaskerTest"/>
</testsuite> <!-- VanillaMaskerTest -->
