<?xml version="1.0" encoding="UTF-8"?>
<!-- Generated by org.testng.reporters.JUnitReportReporter -->
<testsuite hostname="INLN50942907A" name="Test" tests="1" failures="0" timestamp="17 Mar 2018 08:46:50 GMT" time="7.618" errors="0">
  <testcase name="TestZerocents" time="7.618" classname="Test"/>
</testsuite> <!-- Test -->
